Information: Propagating switching activity (low effort zero delay simulation). (PWR-6)
Warning: Design has unannotated primary inputs. (PWR-414)
Warning: Design has unannotated sequential cell outputs. (PWR-415)
 
****************************************
Report : power
        -analysis_effort low
        -verbose
Design : registeredBasic
Version: U-2022.12-SP7
Date   : Sun Dec 24 12:56:33 2023
****************************************


Library(s) Used:

    saed90nm_typ_ht (File: /home/user29/Kady/ref/models/saed90nm_typ_ht.db)


Operating Conditions: TYPICAL   Library: saed90nm_typ_ht
Wire Load Model Mode: enclosed

Design        Wire Load Model            Library
------------------------------------------------
registeredBasic        70000             saed90nm_typ_ht
genericRegister_N64    8000              saed90nm_typ_ht
basicMultiplier        70000             saed90nm_typ_ht
genericRegister_N65    8000              saed90nm_typ_ht
basicMultiplier_DW02_mult_0
                       70000             saed90nm_typ_ht
basicMultiplier_DW01_add_0
                       8000              saed90nm_typ_ht


Global Operating Voltage = 1.2  
Power-specific unit information :
    Voltage Units = 1V
    Capacitance Units = 1.000000ff
    Time Units = 1ns
    Dynamic Power Units = 1uW    (derived from V,C,T units)
    Leakage Power Units = 1pW


Attributes
----------
i - Including register clock pin internal power


  Cell Internal Power  = 117.8322 uW   (82%)
  Net Switching Power  =  25.4431 uW   (18%)
                         ---------
Total Dynamic Power    = 143.2754 uW  (100%)

Cell Leakage Power     = 773.5807 uW

                 Internal         Switching           Leakage            Total                         Cell
Power Group      Power            Power               Power              Power   (   %    )  Attrs  Count
---------------------------------------------------------------------------------------------------------
io_pad             0.0000            0.0000            0.0000            0.0000  (   0.00%)            0
memory             0.0000            0.0000            0.0000            0.0000  (   0.00%)            0
black_box          0.0000            0.0000            0.0000            0.0000  (   0.00%)            0
clock_network      2.5340            0.0000            0.0000            2.5340  (   0.28%)            0
                                                                                             i
register       -2.3880e+00            0.5282        5.4549e+07           52.6896 (   5.75%)            129
sequential         0.0000            0.0000            0.0000            0.0000  (   0.00%)            0
combinational    117.6861           24.9149        7.1903e+08          861.6323  (  93.98%)            3945
---------------------------------------------------------------------------------------------------------
Total            117.8322 uW        25.4431 uW     7.7358e+08 pW       916.8559 uW
1
