 
****************************************
Report : cell
Design : SequentialAll
Version: U-2022.12-SP7
Date   : Sun Dec 24 19:01:43 2023
****************************************

Attributes:
    b - black box (unknown)
    h - hierarchical
    n - noncombinational
    p - parameterized
    r - removable
    u - contains unmapped logic

Cell                      Reference       Library             Area  Attributes
--------------------------------------------------------------------------------
Multiplier                sequential                      75207.168649
                                                                    h
regmultiplicand           registerNbits_N32_2             1043.251186
                                                                    h, n, p
regmultiplier             registerNbits_N32_3             1043.251186
                                                                    h, n, p
regresult                 registerNbits_N64               2103.091173
                                                                    h, n, p
--------------------------------------------------------------------------------
Total 4 cells                                             79396.762195
1
