 
****************************************
Report : cell
Design : registeredTree
Version: U-2022.12-SP7
Date   : Sun Dec 24 19:12:00 2023
****************************************

Attributes:
    b - black box (unknown)
    h - hierarchical
    n - noncombinational
    p - parameterized
    r - removable
    u - contains unmapped logic

Cell                      Reference       Library             Area  Attributes
--------------------------------------------------------------------------------
AB                        genericRegister_N64             2433.023961
                                                                    h, n, p
finalOutput               genericRegister_N65             2464.358360
                                                                    h, n, p
treeMult                  treeMultiplier                  35926.733419
                                                                    h
--------------------------------------------------------------------------------
Total 3 cells                                             40824.115741
1
