====================================================================================================
| Flow Information                                                                                 |
----------------------------------------------------------------------------------------------------
| Flow         | Design Compiler                                                                   |
====================================================================================================
| Design Information                                      | Value                                  |
====================================================================================================
| Number of Scenarios                                     | 0                                      |
| Leaf Cell Count                                         | 1507                                   |
| Number of User Hierarchies                              | 5                                      |
| Sequential Cell Count                                   | 64                                     |
| Macro Count                                             | 0                                      |
| Number of Power Domains                                 | 0                                      |
| Number of Path Groups                                   | 2                                      |
| Number of VT Class                                      | 1                                      |
| Number of Clocks                                        | 1                                      |
| Number of Dont Touch Cells                              | 5                                      |
| Number of Dont Touch Nets                               | 0                                      |
| Number of Size Only Cells                               | 0                                      |
| Design with UPF Data                                    | false                                  |
====================================================================================================

Information: There are 186 potential problems in your design. Please run 'check_design' for more information. (LINT-99)



  Beginning Pass 1 Mapping
  ------------------------
  Processing 'fpMultiplier_DW01_add_1'
  Processing 'fpMultiplier_DW02_mult_0'
  Processing 'fpMultiplier_DW01_add_0'
  Processing 'fpMultiplier'
  Processing 'genericRegister_N64'
  Processing 'registeredFPM'
Error: Width mismatch on port 'in' of reference to 'genericRegister' in 'registeredFPM'. (LINK-3)
Error: Width mismatch on port 'out' of reference to 'genericRegister' in 'registeredFPM'. (LINK-3)
Error: Unable to match ports of cell finalOutput ('genericRegister') to 'genericRegister_N34'. (LINK-25)
Warning: Design 'fpMultiplier.db:fpMultiplier' comes before design 'fpMultiplier.db:fpMultiplier' in the link_library; 'fpMultiplier.db:fpMultiplier' will be ignored. (UIO-92)
Information: Design 'fpMultiplier' is referenced in design 'registeredFPM.db:registeredFPM'. (UIO-93)

  Updating timing information
Information: Updating design information... (UID-85)

  Beginning Implementation Selection
  ----------------------------------
Information: Command 'do_operand_isolation' is obsolete and is being ignored.  Please refer to the replacement command 'set power_enable_datapath_gating true' instead. (INFO-118)

  Beginning Mapping Optimizations  (Medium effort)
  -------------------------------
Information: Command 'do_operand_isolation' is obsolete and is being ignored.  Please refer to the replacement command 'set power_enable_datapath_gating true' instead. (INFO-118)

                                  TOTAL                                      
   ELAPSED            WORST NEG   SETUP    DESIGN                            
    TIME      AREA      SLACK     COST    RULE COST         ENDPOINT         
  --------- --------- --------- --------- --------- -------------------------
    0:00:01   32577.6      0.00       0.0       0.0                          
    0:00:01   32577.6      0.00       0.0       0.0                          
    0:00:01   32577.6      0.00       0.0       0.0                          
    0:00:01   32577.6      0.00       0.0       0.0                          
    0:00:01   32577.6      0.00       0.0       0.0                          
    0:00:02   24538.5      0.00       0.0       0.0                          
    0:00:02   24478.6      0.00       0.0       0.0                          
    0:00:02   24478.6      0.00       0.0       0.0                          
    0:00:02   24478.6      0.00       0.0       0.0                          
    0:00:02   24478.6      0.00       0.0       0.0                          
    0:00:02   24478.6      0.00       0.0       0.0                          
    0:00:02   24478.6      0.00       0.0       0.0                          
    0:00:02   24478.6      0.00       0.0       0.0                          
    0:00:02   24478.6      0.00       0.0       0.0                          



  Beginning Delay Optimization Phase
  ----------------------------------

                                  TOTAL                                      
   ELAPSED            WORST NEG   SETUP    DESIGN                            
    TIME      AREA      SLACK     COST    RULE COST         ENDPOINT         
  --------- --------- --------- --------- --------- -------------------------
    0:00:02   24478.6      0.00       0.0       0.0                          
    0:00:02   24478.6      0.00       0.0       0.0                          
    0:00:02   24478.6      0.00       0.0       0.0                          


  Beginning Area-Recovery Phase  (cleanup)
  -----------------------------

                                  TOTAL                                      
   ELAPSED            WORST NEG   SETUP    DESIGN                            
    TIME      AREA      SLACK     COST    RULE COST         ENDPOINT         
  --------- --------- --------- --------- --------- -------------------------
    0:00:02   24478.6      0.00       0.0       0.0                          
    0:00:02   24478.6      0.00       0.0       0.0                          
    0:00:02   23992.0      0.00       0.0       0.0                          
    0:00:02   23992.0      0.00       0.0       0.0                          
    0:00:02   23992.0      0.00       0.0       0.0                          
    0:00:02   23992.0      0.00       0.0       0.0                          
    0:00:02   23992.0      0.00       0.0       0.0                          
    0:00:02   23988.3      0.00       0.0       0.0                          
    0:00:02   23988.3      0.00       0.0       0.0                          
    0:00:02   23988.3      0.00       0.0       0.0                          
    0:00:02   23988.3      0.00       0.0       0.0                          
    0:00:02   23988.3      0.00       0.0       0.0                          
    0:00:02   23988.3      0.00       0.0       0.0                          
    0:00:02   23988.3      0.00       0.0       0.0                          
Loading db file '/home/user29/Kady/ref/models/saed90nm_typ_ht.db'


Note: Symbol # after min delay cost means estimated hold TNS across all active scenarios 


  Optimization Complete
  ---------------------
Information: Total number of MV cells in the design.
----------------------------------------------------------------------------------------------------
 MV Cells                                           Total Number                                   
----------------------------------------------------------------------------------------------------
 Level Shifter:                                     0                                             
 Enable Level Shifter:                              0                                             
 Isolation Cell:                                    0                                             
 Retention Cell:                                    0                                             
 Retention Clamp Cell:                              0                                             
 Switch Cell:                                       0                                             
 Always-On Cell:                                    0                                             
 Repeater Cell:                                     0                                             

----------------------------------------------------------------------------------------------------
Unmapped MV Cells 
----------------------------------------------------------------------------------------------------
0 Isolation Cells are unmapped 
0 Retention Clamp Cells are unmapped 
----------------------------------------------------------------------------------------------------
1
