Information: Propagating switching activity (low effort zero delay simulation). (PWR-6)
Warning: Design has unannotated primary inputs. (PWR-414)
Warning: Design has unannotated sequential cell outputs. (PWR-415)
Warning: Design has unannotated black box outputs. (PWR-428)
 
****************************************
Report : power
        -analysis_effort low
        -verbose
Design : registeredFPM
Version: U-2022.12-SP7
Date   : Sun Dec 24 13:12:39 2023
****************************************


Library(s) Used:

    saed90nm_typ_ht (File: /home/user29/Kady/ref/models/saed90nm_typ_ht.db)


Operating Conditions: TYPICAL   Library: saed90nm_typ_ht
Wire Load Model Mode: enclosed

Design        Wire Load Model            Library
------------------------------------------------
registeredFPM          35000             saed90nm_typ_ht
genericRegister_N64    8000              saed90nm_typ_ht
fpMultiplier           35000             saed90nm_typ_ht
fpMultiplier_DW01_add_0
                       8000              saed90nm_typ_ht
fpMultiplier_DW02_mult_0
                       35000             saed90nm_typ_ht
fpMultiplier_DW01_add_1
                       8000              saed90nm_typ_ht


Global Operating Voltage = 1.2  
Power-specific unit information :
    Voltage Units = 1V
    Capacitance Units = 1.000000ff
    Time Units = 1ns
    Dynamic Power Units = 1uW    (derived from V,C,T units)
    Leakage Power Units = 1pW


Attributes
----------
i - Including register clock pin internal power


  Cell Internal Power  =   1.6824 mW   (77%)
  Net Switching Power  = 503.5970 uW   (23%)
                         ---------
Total Dynamic Power    =   2.1860 mW  (100%)

Cell Leakage Power     = 328.8038 uW

                 Internal         Switching           Leakage            Total                         Cell
Power Group      Power            Power               Power              Power   (   %    )  Attrs  Count
---------------------------------------------------------------------------------------------------------
io_pad             0.0000            0.0000            0.0000            0.0000  (   0.00%)            0
memory             0.0000            0.0000            0.0000            0.0000  (   0.00%)            0
black_box          0.0000            0.0000            0.0000            0.0000  (   0.00%)            0
clock_network     78.3238           44.9174        1.2280e+07          135.5214  (   5.39%)            77
                                                                                             i
register       -1.8106e+01           13.4544        2.7060e+07           22.4083 (   0.89%)            64
sequential         0.0000            0.0000            0.0000            0.0000  (   0.00%)            0
combinational  1.6222e+03          445.2253        2.8946e+08        2.3568e+03  (  93.72%)            1477
---------------------------------------------------------------------------------------------------------
Total          1.6824e+03 uW       503.5972 uW     3.2880e+08 pW     2.5148e+03 uW
1
