====================================================================================================
| Flow Information                                                                                 |
----------------------------------------------------------------------------------------------------
| Flow         | Design Compiler                                                                   |
====================================================================================================
| Design Information                                      | Value                                  |
====================================================================================================
| Number of Scenarios                                     | 0                                      |
| Leaf Cell Count                                         | 281                                    |
| Number of User Hierarchies                              | 0                                      |
| Sequential Cell Count                                   | 162                                    |
| Macro Count                                             | 0                                      |
| Number of Power Domains                                 | 0                                      |
| Number of Path Groups                                   | 2                                      |
| Number of VT Class                                      | 1                                      |
| Number of Clocks                                        | 1                                      |
| Number of Dont Touch Cells                              | 8                                      |
| Number of Dont Touch Nets                               | 0                                      |
| Number of Size Only Cells                               | 0                                      |
| Design with UPF Data                                    | false                                  |
====================================================================================================

Information: There are 33 potential problems in your design. Please run 'check_design' for more information. (LINT-99)



  Beginning Pass 1 Mapping
  ------------------------
  Processing 'boothMultiplier'
WARNING: cell count_reg[0] ignores exact_map
WARNING: cell count_reg[31] ignores exact_map
WARNING: cell count_reg[30] ignores exact_map
WARNING: cell count_reg[29] ignores exact_map
WARNING: cell count_reg[28] ignores exact_map
WARNING: cell count_reg[27] ignores exact_map
WARNING: cell count_reg[26] ignores exact_map
WARNING: cell count_reg[25] ignores exact_map
WARNING: cell count_reg[24] ignores exact_map
WARNING: cell count_reg[23] ignores exact_map
WARNING: cell count_reg[22] ignores exact_map
WARNING: cell count_reg[21] ignores exact_map
WARNING: cell count_reg[20] ignores exact_map
WARNING: cell count_reg[19] ignores exact_map
WARNING: cell count_reg[18] ignores exact_map
WARNING: cell count_reg[17] ignores exact_map
WARNING: cell count_reg[16] ignores exact_map
WARNING: cell count_reg[15] ignores exact_map
WARNING: cell count_reg[14] ignores exact_map
WARNING: cell count_reg[13] ignores exact_map
WARNING: cell count_reg[12] ignores exact_map
WARNING: cell count_reg[11] ignores exact_map
WARNING: cell count_reg[10] ignores exact_map
WARNING: cell count_reg[9] ignores exact_map
WARNING: cell count_reg[8] ignores exact_map
WARNING: cell count_reg[7] ignores exact_map
WARNING: cell count_reg[6] ignores exact_map
WARNING: cell count_reg[5] ignores exact_map
WARNING: cell count_reg[4] ignores exact_map
WARNING: cell count_reg[3] ignores exact_map
WARNING: cell count_reg[2] ignores exact_map
WARNING: cell count_reg[1] ignores exact_map
WARNING: cell Q_reg[1] ignores exact_map
WARNING: cell Q_reg[0] ignores exact_map
WARNING: cell Q_1_reg ignores exact_map
WARNING: cell Acc_reg[30] ignores exact_map
WARNING: cell Acc_reg[31] ignores exact_map
WARNING: cell Acc_reg[29] ignores exact_map
WARNING: cell Acc_reg[28] ignores exact_map
WARNING: cell Acc_reg[27] ignores exact_map
WARNING: cell Acc_reg[26] ignores exact_map
WARNING: cell Acc_reg[25] ignores exact_map
WARNING: cell Acc_reg[24] ignores exact_map
WARNING: cell Acc_reg[23] ignores exact_map
WARNING: cell Acc_reg[22] ignores exact_map
WARNING: cell Acc_reg[21] ignores exact_map
WARNING: cell Acc_reg[20] ignores exact_map
WARNING: cell Acc_reg[19] ignores exact_map
WARNING: cell Acc_reg[18] ignores exact_map
WARNING: cell Acc_reg[17] ignores exact_map
WARNING: cell Acc_reg[16] ignores exact_map
WARNING: cell Acc_reg[15] ignores exact_map
WARNING: cell Acc_reg[14] ignores exact_map
WARNING: cell Acc_reg[13] ignores exact_map
WARNING: cell Acc_reg[12] ignores exact_map
WARNING: cell Acc_reg[11] ignores exact_map
WARNING: cell Acc_reg[10] ignores exact_map
WARNING: cell Acc_reg[9] ignores exact_map
WARNING: cell Acc_reg[8] ignores exact_map
WARNING: cell Acc_reg[7] ignores exact_map
WARNING: cell Acc_reg[6] ignores exact_map
WARNING: cell Acc_reg[5] ignores exact_map
WARNING: cell Acc_reg[4] ignores exact_map
WARNING: cell Acc_reg[3] ignores exact_map
WARNING: cell Acc_reg[2] ignores exact_map
WARNING: cell Acc_reg[1] ignores exact_map
WARNING: cell Acc_reg[0] ignores exact_map
WARNING: cell Q_reg[31] ignores exact_map
WARNING: cell Q_reg[30] ignores exact_map
WARNING: cell Q_reg[29] ignores exact_map
WARNING: cell Q_reg[28] ignores exact_map
WARNING: cell Q_reg[27] ignores exact_map
WARNING: cell Q_reg[26] ignores exact_map
WARNING: cell Q_reg[25] ignores exact_map
WARNING: cell Q_reg[24] ignores exact_map
WARNING: cell Q_reg[23] ignores exact_map
WARNING: cell Q_reg[22] ignores exact_map
WARNING: cell Q_reg[21] ignores exact_map
WARNING: cell Q_reg[20] ignores exact_map
WARNING: cell Q_reg[19] ignores exact_map
WARNING: cell Q_reg[18] ignores exact_map
WARNING: cell Q_reg[17] ignores exact_map
WARNING: cell Q_reg[16] ignores exact_map
WARNING: cell Q_reg[15] ignores exact_map
WARNING: cell Q_reg[14] ignores exact_map
WARNING: cell Q_reg[13] ignores exact_map
WARNING: cell Q_reg[12] ignores exact_map
WARNING: cell Q_reg[11] ignores exact_map
WARNING: cell Q_reg[10] ignores exact_map
WARNING: cell Q_reg[9] ignores exact_map
WARNING: cell Q_reg[8] ignores exact_map
WARNING: cell Q_reg[7] ignores exact_map
WARNING: cell Q_reg[6] ignores exact_map
WARNING: cell Q_reg[5] ignores exact_map
WARNING: cell Q_reg[4] ignores exact_map
WARNING: cell Q_reg[3] ignores exact_map
WARNING: cell Q_reg[2] ignores exact_map
WARNING: cell result_reg[1] ignores exact_map
WARNING: cell result_reg[2] ignores exact_map
WARNING: cell result_reg[3] ignores exact_map
WARNING: cell result_reg[4] ignores exact_map
WARNING: cell result_reg[5] ignores exact_map
WARNING: cell result_reg[6] ignores exact_map
WARNING: cell result_reg[7] ignores exact_map
WARNING: cell result_reg[8] ignores exact_map
WARNING: cell result_reg[9] ignores exact_map
WARNING: cell result_reg[10] ignores exact_map
WARNING: cell result_reg[11] ignores exact_map
WARNING: cell result_reg[12] ignores exact_map
WARNING: cell result_reg[13] ignores exact_map
WARNING: cell result_reg[14] ignores exact_map
WARNING: cell result_reg[15] ignores exact_map
WARNING: cell result_reg[16] ignores exact_map
WARNING: cell result_reg[17] ignores exact_map
WARNING: cell result_reg[18] ignores exact_map
WARNING: cell result_reg[19] ignores exact_map
WARNING: cell result_reg[20] ignores exact_map
WARNING: cell result_reg[21] ignores exact_map
WARNING: cell result_reg[22] ignores exact_map
WARNING: cell result_reg[23] ignores exact_map
WARNING: cell result_reg[24] ignores exact_map
WARNING: cell result_reg[25] ignores exact_map
WARNING: cell result_reg[26] ignores exact_map
WARNING: cell result_reg[27] ignores exact_map
WARNING: cell result_reg[28] ignores exact_map
WARNING: cell result_reg[29] ignores exact_map
WARNING: cell result_reg[30] ignores exact_map
WARNING: cell result_reg[31] ignores exact_map
WARNING: cell result_reg[32] ignores exact_map
WARNING: cell result_reg[33] ignores exact_map
WARNING: cell result_reg[34] ignores exact_map
WARNING: cell result_reg[35] ignores exact_map
WARNING: cell result_reg[36] ignores exact_map
WARNING: cell result_reg[37] ignores exact_map
WARNING: cell result_reg[38] ignores exact_map
WARNING: cell result_reg[39] ignores exact_map
WARNING: cell result_reg[40] ignores exact_map
WARNING: cell result_reg[41] ignores exact_map
WARNING: cell result_reg[42] ignores exact_map
WARNING: cell result_reg[43] ignores exact_map
WARNING: cell result_reg[44] ignores exact_map
WARNING: cell result_reg[45] ignores exact_map
WARNING: cell result_reg[46] ignores exact_map
WARNING: cell result_reg[47] ignores exact_map
WARNING: cell result_reg[48] ignores exact_map
WARNING: cell result_reg[49] ignores exact_map
WARNING: cell result_reg[50] ignores exact_map
WARNING: cell result_reg[51] ignores exact_map
WARNING: cell result_reg[52] ignores exact_map
WARNING: cell result_reg[53] ignores exact_map
WARNING: cell result_reg[54] ignores exact_map
WARNING: cell result_reg[55] ignores exact_map
WARNING: cell result_reg[56] ignores exact_map
WARNING: cell result_reg[57] ignores exact_map
WARNING: cell result_reg[58] ignores exact_map
WARNING: cell result_reg[59] ignores exact_map
WARNING: cell result_reg[60] ignores exact_map
WARNING: cell result_reg[61] ignores exact_map
WARNING: cell result_reg[62] ignores exact_map
WARNING: cell result_reg[63] ignores exact_map
WARNING: cell result_reg[0] ignores exact_map
WARNING: cell overFlow_reg ignores exact_map

  Updating timing information
Information: Updating design information... (UID-85)

  Beginning Implementation Selection
  ----------------------------------
  Processing 'boothMultiplier_DW01_dec_0'
  Processing 'boothMultiplier_DW01_sub_0'
  Processing 'boothMultiplier_DW01_add_0'
  Processing 'boothMultiplier_DW01_cmp2_0'
Information: Command 'do_operand_isolation' is obsolete and is being ignored.  Please refer to the replacement command 'set power_enable_datapath_gating true' instead. (INFO-118)

  Beginning Mapping Optimizations  (Medium effort)
  -------------------------------
  Mapping Optimization (Phase 7)
Information: Command 'do_operand_isolation' is obsolete and is being ignored.  Please refer to the replacement command 'set power_enable_datapath_gating true' instead. (INFO-118)

                                  TOTAL                                      
   ELAPSED            WORST NEG   SETUP    DESIGN                            
    TIME      AREA      SLACK     COST    RULE COST         ENDPOINT         
  --------- --------- --------- --------- --------- -------------------------
    0:00:02   13878.4      1.58      45.8       0.0                          
    0:00:02   13878.4      1.58      45.8       0.0                          
    0:00:02   13878.4      1.58      45.8       0.0                          
    0:00:02   13878.4      1.58      45.8       0.0                          
    0:00:02   13878.4      1.58      45.8       0.0                          
    0:00:02   12489.5      1.62      19.6       0.0                          
    0:00:02   12550.3      1.55      17.8       0.0                          
    0:00:02   12583.5      1.49      17.6       0.0                          
    0:00:02   12680.3      1.39      16.5       0.0                          
    0:00:02   12728.2      1.32      17.0       0.0                          
    0:00:02   12838.8      1.12      16.2       0.0                          
    0:00:02   12894.1      1.02      15.8       0.0                          
    0:00:02   12960.5      0.92      15.4       0.0                          
    0:00:02   13017.6      0.86      14.1       0.0                          
    0:00:02   13054.5      0.86      13.8       0.0                          
    0:00:02   13131.9      0.81      13.1       0.0                          
    0:00:02   13131.9      0.81      13.1       0.0                          
    0:00:02   13131.9      0.81      13.1       0.0                          
    0:00:02   13131.9      0.81      13.1       0.0                          
    0:00:02   13131.9      0.81      13.1       0.0                          
    0:00:02   13131.9      0.81      13.1       0.0                          



  Beginning Delay Optimization Phase
  ----------------------------------

                                  TOTAL                                      
   ELAPSED            WORST NEG   SETUP    DESIGN                            
    TIME      AREA      SLACK     COST    RULE COST         ENDPOINT         
  --------- --------- --------- --------- --------- -------------------------
    0:00:02   13131.9      0.81      13.1       0.0                          
    0:00:02   13173.4      0.74      12.9       0.0 Acc_reg[30]/D            
    0:00:03   13242.5      0.66      12.6       0.0 Acc_reg[30]/D            
    0:00:03   13309.7      0.55      12.8       0.0 Acc_reg[30]/D            
    0:00:03   13389.0      0.50      10.8       0.0 Acc_reg[30]/D            
    0:00:03   13453.5      0.36       8.1       0.0 Acc_reg[17]/D            
    0:00:03   13458.1      0.31       6.8       0.0 Acc_reg[30]/D            
    0:00:03   13511.6      0.25       3.1       0.0 Acc_reg[30]/D            
    0:00:03   13530.0      0.15       1.8       0.0 count_reg[31]/D          
    0:00:03   13597.3      0.12       0.8       0.0 Acc_reg[24]/D            
    0:00:03   13616.6      0.05       0.1       0.0 Acc_reg[30]/D            
    0:00:03   13634.2      0.00       0.0       0.0                          
    0:00:03   13634.2      0.00       0.0       0.0                          


  Beginning Area-Recovery Phase  (cleanup)
  -----------------------------

                                  TOTAL                                      
   ELAPSED            WORST NEG   SETUP    DESIGN                            
    TIME      AREA      SLACK     COST    RULE COST         ENDPOINT         
  --------- --------- --------- --------- --------- -------------------------
    0:00:03   13634.2      0.00       0.0       0.0                          
    0:00:03   13634.2      0.00       0.0       0.0                          
    0:00:03   13200.1      0.00       0.0       0.0                          
    0:00:03   12982.6      0.00       0.0       0.0                          
    0:00:03   12908.9      0.01       0.0       0.0                          
    0:00:03   12870.1      0.01       0.0       0.0                          
    0:00:03   12864.6      0.01       0.0       0.0                          
    0:00:03   12864.6      0.01       0.0       0.0                          
    0:00:03   12870.1      0.00       0.0       0.0                          
    0:00:03   12722.7      0.01       0.0       0.0                          
    0:00:03   12708.9      0.01       0.0       0.0                          
    0:00:03   12708.9      0.01       0.0       0.0                          
    0:00:03   12708.9      0.01       0.0       0.0                          
    0:00:03   12708.9      0.01       0.0       0.0                          
    0:00:03   12708.9      0.01       0.0       0.0                          
    0:00:03   12708.9      0.01       0.0       0.0                          
    0:00:03   12716.2      0.00       0.0       0.0                          
Loading db file '/home/user29/Kady/ref/models/saed90nm_typ_ht.db'


Note: Symbol # after min delay cost means estimated hold TNS across all active scenarios 


  Optimization Complete
  ---------------------
Information: Total number of MV cells in the design.
----------------------------------------------------------------------------------------------------
 MV Cells                                           Total Number                                   
----------------------------------------------------------------------------------------------------
 Level Shifter:                                     0                                             
 Enable Level Shifter:                              0                                             
 Isolation Cell:                                    0                                             
 Retention Cell:                                    0                                             
 Retention Clamp Cell:                              0                                             
 Switch Cell:                                       0                                             
 Always-On Cell:                                    0                                             
 Repeater Cell:                                     0                                             

----------------------------------------------------------------------------------------------------
Unmapped MV Cells 
----------------------------------------------------------------------------------------------------
0 Isolation Cells are unmapped 
0 Retention Clamp Cells are unmapped 
----------------------------------------------------------------------------------------------------
1
