Information: Propagating switching activity (low effort zero delay simulation). (PWR-6)
Warning: Design has unannotated primary inputs. (PWR-414)
Warning: Design has unannotated sequential cell outputs. (PWR-415)
 
****************************************
Report : power
        -analysis_effort low
        -verbose
Design : boothMultiplier
Version: U-2022.12-SP7
Date   : Sun Dec 24 13:04:41 2023
****************************************


Library(s) Used:

    saed90nm_typ_ht (File: /home/user29/Kady/ref/models/saed90nm_typ_ht.db)


Operating Conditions: TYPICAL   Library: saed90nm_typ_ht
Wire Load Model Mode: enclosed

Design        Wire Load Model            Library
------------------------------------------------
boothMultiplier        16000             saed90nm_typ_ht
boothMultiplier_DW01_sub_1
                       8000              saed90nm_typ_ht
boothMultiplier_DW01_add_1
                       8000              saed90nm_typ_ht
boothMultiplier_DW01_dec_1
                       8000              saed90nm_typ_ht


Global Operating Voltage = 1.2  
Power-specific unit information :
    Voltage Units = 1V
    Capacitance Units = 1.000000ff
    Time Units = 1ns
    Dynamic Power Units = 1uW    (derived from V,C,T units)
    Leakage Power Units = 1pW


Attributes
----------
i - Including register clock pin internal power


  Cell Internal Power  = 117.0979 uW   (78%)
  Net Switching Power  =  32.6034 uW   (22%)
                         ---------
Total Dynamic Power    = 149.7013 uW  (100%)

Cell Leakage Power     = 191.4869 uW

                 Internal         Switching           Leakage            Total                         Cell
Power Group      Power            Power               Power              Power   (   %    )  Attrs  Count
---------------------------------------------------------------------------------------------------------
io_pad             0.0000            0.0000            0.0000            0.0000  (   0.00%)            0
memory             0.0000            0.0000            0.0000            0.0000  (   0.00%)            0
black_box          0.0000            0.0000            0.0000            0.0000  (   0.00%)            0
clock_network      0.8689            0.0000            0.0000            0.8689  (   0.25%)            0
                                                                                             i
register       -5.8140e-01        9.7133e-02        6.8619e+07           68.1344 (  19.97%)            162
sequential         0.0000            0.0000            0.0000            0.0000  (   0.00%)            0
combinational    116.8103           32.5063        1.2287e+08          272.1849  (  79.78%)            1168
---------------------------------------------------------------------------------------------------------
Total            117.0978 uW        32.6034 uW     1.9149e+08 pW       341.1883 uW
1
